# Logfile created on 2014-01-09 09:09:15 +0000 by logger.rb/31641
I, [2014-01-09T09:09:15.201866 #8584]  INFO -- : 0:  rake (10.1.1) from C:/Ruby/Ruby193/lib/ruby/gems/1.9.1/specifications/rake-10.1.1.gemspec
I, [2014-01-09T09:09:16.454991 #8584]  INFO -- : 0:  i18n (0.6.9) from C:/Ruby/Ruby193/lib/ruby/gems/1.9.1/specifications/i18n-0.6.9.gemspec
I, [2014-01-09T09:09:16.459991 #8584]  INFO -- : 0:  minitest (4.7.5) from C:/Ruby/Ruby193/lib/ruby/gems/1.9.1/specifications/minitest-4.7.5.gemspec
I, [2014-01-09T09:09:16.463992 #8584]  INFO -- : 0:  multi_json (1.8.2) from C:/Ruby/Ruby193/lib/ruby/gems/1.9.1/specifications/multi_json-1.8.2.gemspec
I, [2014-01-09T09:09:16.467992 #8584]  INFO -- : 0:  atomic (1.1.14) from C:/Ruby/Ruby193/lib/ruby/gems/1.9.1/specifications/atomic-1.1.14.gemspec
I, [2014-01-09T09:09:16.472993 #8584]  INFO -- : 0:  thread_safe (0.1.3) from C:/Ruby/Ruby193/lib/ruby/gems/1.9.1/specifications/thread_safe-0.1.3.gemspec
I, [2014-01-09T09:09:16.476993 #8584]  INFO -- : 0:  tzinfo (0.3.38) from C:/Ruby/Ruby193/lib/ruby/gems/1.9.1/specifications/tzinfo-0.3.38.gemspec
I, [2014-01-09T09:09:18.611206 #8584]  INFO -- : 0:  activesupport (4.0.2) from C:/Ruby/Ruby193/lib/ruby/gems/1.9.1/specifications/activesupport-4.0.2.gemspec
I, [2014-01-09T09:09:18.615207 #8584]  INFO -- : 0:  builder (3.1.4) from C:/Ruby/Ruby193/lib/ruby/gems/1.9.1/specifications/builder-3.1.4.gemspec
I, [2014-01-09T09:09:18.618207 #8584]  INFO -- : 0:  erubis (2.7.0) from C:/Ruby/Ruby193/lib/ruby/gems/1.9.1/specifications/erubis-2.7.0.gemspec
I, [2014-01-09T09:09:18.623208 #8584]  INFO -- : 0:  rack (1.5.2) from C:/Ruby/Ruby193/lib/ruby/gems/1.9.1/specifications/rack-1.5.2.gemspec
I, [2014-01-09T09:09:18.627208 #8584]  INFO -- : 0:  rack-test (0.6.2) from C:/Ruby/Ruby193/lib/ruby/gems/1.9.1/specifications/rack-test-0.6.2.gemspec
I, [2014-01-09T09:09:20.211366 #8584]  INFO -- : 0:  actionpack (4.0.2) from C:/Ruby/Ruby193/lib/ruby/gems/1.9.1/specifications/actionpack-4.0.2.gemspec
I, [2014-01-09T09:09:20.216367 #8584]  INFO -- : 0:  ffi (1.9.3) from C:/Ruby/Ruby193/lib/ruby/gems/1.9.1/specifications/ffi-1.9.3-x86-mingw32.gemspec
I, [2014-01-09T09:09:20.221367 #8584]  INFO -- : 0:  childprocess (0.3.9) from C:/Ruby/Ruby193/lib/ruby/gems/1.9.1/specifications/childprocess-0.3.9.gemspec
I, [2014-01-09T09:09:20.225368 #8584]  INFO -- : 0:  diff-lcs (1.2.5) from C:/Ruby/Ruby193/lib/ruby/gems/1.9.1/specifications/diff-lcs-1.2.5.gemspec
I, [2014-01-09T09:09:20.229368 #8584]  INFO -- : 0:  gherkin (2.12.2) from C:/Ruby/Ruby193/lib/ruby/gems/1.9.1/specifications/gherkin-2.12.2-x86-mingw32.gemspec
I, [2014-01-09T09:09:21.143460 #8584]  INFO -- : 0:  multi_test (0.0.3) from C:/Ruby/Ruby193/lib/ruby/gems/1.9.1/specifications/multi_test-0.0.3.gemspec
I, [2014-01-09T09:09:21.148460 #8584]  INFO -- : 0:  cucumber (1.3.10) from C:/Ruby/Ruby193/lib/ruby/gems/1.9.1/specifications/cucumber-1.3.10.gemspec
I, [2014-01-09T09:09:21.153461 #8584]  INFO -- : 0:  faker (1.2.0) from C:/Ruby/Ruby193/lib/ruby/gems/1.9.1/specifications/faker-1.2.0.gemspec
I, [2014-01-09T09:09:21.157461 #8584]  INFO -- : 0:  yml_reader (0.2) from C:/Ruby/Ruby193/lib/ruby/gems/1.9.1/specifications/yml_reader-0.2.gemspec
I, [2014-01-09T09:09:21.162462 #8584]  INFO -- : 0:  data_magic (0.16.1) from C:/Ruby/Ruby193/lib/ruby/gems/1.9.1/specifications/data_magic-0.16.1.gemspec
I, [2014-01-09T09:09:21.166462 #8584]  INFO -- : 0:  fig_newton (0.9) from C:/Ruby/Ruby193/lib/ruby/gems/1.9.1/specifications/fig_newton-0.9.gemspec
I, [2014-01-09T09:09:21.170462 #8584]  INFO -- : 0:  page_navigation (0.9) from C:/Ruby/Ruby193/lib/ruby/gems/1.9.1/specifications/page_navigation-0.9.gemspec
I, [2014-01-09T09:09:21.175463 #8584]  INFO -- : 0:  rubyzip (1.1.0) from C:/Ruby/Ruby193/lib/ruby/gems/1.9.1/specifications/rubyzip-1.1.0.gemspec
I, [2014-01-09T09:09:21.179463 #8584]  INFO -- : 0:  websocket (1.0.7) from C:/Ruby/Ruby193/lib/ruby/gems/1.9.1/specifications/websocket-1.0.7.gemspec
I, [2014-01-09T09:09:21.184464 #8584]  INFO -- : 0:  selenium-webdriver (2.39.0) from C:/Ruby/Ruby193/lib/ruby/gems/1.9.1/specifications/selenium-webdriver-2.39.0.gemspec
I, [2014-01-09T09:09:21.188464 #8584]  INFO -- : 0:  watir-webdriver (0.6.4) from C:/Ruby/Ruby193/lib/ruby/gems/1.9.1/specifications/watir-webdriver-0.6.4.gemspec
I, [2014-01-09T09:09:24.010746 #8584]  INFO -- : 0:  page-object (0.9.4) from C:/Ruby/Ruby193/lib/ruby/gems/1.9.1/specifications/page-object-0.9.4.gemspec
I, [2014-01-09T09:09:24.866832 #8584]  INFO -- : 0:  syntax (1.2.0) from C:/Ruby/Ruby193/lib/ruby/gems/1.9.1/specifications/syntax-1.2.0.gemspec
I, [2014-01-09T09:09:24.871832 #8584]  INFO -- : 0:  pretty_face (0.9.1) from C:/Ruby/Ruby193/lib/ruby/gems/1.9.1/specifications/pretty_face-0.9.1.gemspec
I, [2014-01-09T09:09:24.875833 #8584]  INFO -- : 0:  require_all (1.3.2) from C:/Ruby/Ruby193/lib/ruby/gems/1.9.1/specifications/require_all-1.3.2.gemspec
I, [2014-01-09T09:09:24.880833 #8584]  INFO -- : 0:  rspec-core (2.14.7) from C:/Ruby/Ruby193/lib/ruby/gems/1.9.1/specifications/rspec-core-2.14.7.gemspec
I, [2014-01-09T09:09:24.884834 #8584]  INFO -- : 0:  rspec-expectations (2.14.4) from C:/Ruby/Ruby193/lib/ruby/gems/1.9.1/specifications/rspec-expectations-2.14.4.gemspec
I, [2014-01-09T09:09:24.889834 #8584]  INFO -- : 0:  rspec-mocks (2.14.4) from C:/Ruby/Ruby193/lib/ruby/gems/1.9.1/specifications/rspec-mocks-2.14.4.gemspec
I, [2014-01-09T09:09:24.894835 #8584]  INFO -- : 0:  rspec (2.14.1) from C:/Ruby/Ruby193/lib/ruby/gems/1.9.1/specifications/rspec-2.14.1.gemspec
I, [2014-01-09T09:09:24.898835 #8584]  INFO -- : 0:  bundler (1.5.1) from C:/Ruby/Ruby193/lib/ruby/gems/1.9.1/specifications/bundler-1.5.1.gemspec
